#
# There is insufficient memory for the Java Runtime Environment to continue.
# Native memory allocation (malloc) failed to allocate 32744 bytes. Error detail: ChunkPool::allocate
# Possible reasons:
#   The system is out of physical RAM or swap space
#   This process is running with CompressedOops enabled, and the Java Heap may be blocking the growth of the native heap
# Possible solutions:
#   Reduce memory load on the system
#   Increase physical memory or swap space
#   Check if swap backing store is full
#   Decrease Java heap size (-Xmx/-Xms)
#   Decrease number of Java threads
#   Decrease Java thread stack sizes (-Xss)
#   Set larger code cache with -XX:ReservedCodeCacheSize=
#   JVM is running with Zero Based Compressed Oops mode in which the Java heap is
#     placed in the first 32GB address space. The Java Heap base address is the
#     maximum limit for the native heap growth. Please use -XX:HeapBaseMinAddress
#     to set the Java Heap base and to place the Java Heap above 32GB virtual address.
# This output file may be truncated or incomplete.
#
#  Out of Memory Error (arena.cpp:79), pid=11616, tid=12792
#
# JRE version: OpenJDK Runtime Environment Microsoft-13877129 (17.0.19+10) (build 17.0.19+10-LTS)
# Java VM: OpenJDK 64-Bit Server VM Microsoft-13877129 (17.0.19+10-LTS, mixed mode, emulated-client, sharing, tiered, compressed oops, compressed class ptrs, g1 gc, windows-amd64)
# No core dump will be written. Minidumps are not enabled by default on client versions of Windows
#

---------------  S U M M A R Y ------------

Command Line: -XX:TieredStopAtLevel=1 com.m1kellz.todoservice.TodoServiceApplication

Host: Intel(R) Core(TM) i7-10750H CPU @ 2.60GHz, 12 cores, 15G,  Windows 11 , 64 bit Build 26100 (10.0.26100.8328)
Time: Sun Jun 14 19:16:29 2026 Egypt Daylight Time elapsed time: 8292.271812 seconds (0d 2h 18m 12s)

---------------  T H R E A D  ---------------

Current thread (0x000001b75c4ffcf0):  JavaThread "C1 CompilerThread2" daemon [_thread_in_native, id=12792, stack(0x0000002100400000,0x0000002100500000)]


Current CompileTask:
C1:8292271 14354   !   1       org.apache.hc.client5.http.impl.classic.ProtocolExec::execute (916 bytes)

Stack: [0x0000002100400000,0x0000002100500000]
Native frames: (J=compiled Java code, j=interpreted, Vv=VM code, C=native code)
V  [jvm.dll+0x68cc89]  (no source info available)
V  [jvm.dll+0x845d89]  (no source info available)
V  [jvm.dll+0x847af8]  (no source info available)
V  [jvm.dll+0x848183]  (no source info available)
V  [jvm.dll+0x24d0bf]  (no source info available)
V  [jvm.dll+0xaef5e]  (no source info available)
V  [jvm.dll+0xaf3fc]  (no source info available)
V  [jvm.dll+0x1480a6]  (no source info available)
V  [jvm.dll+0x1462e3]  (no source info available)
V  [jvm.dll+0x144559]  (no source info available)
V  [jvm.dll+0x14cea1]  (no source info available)
V  [jvm.dll+0x14c38a]  (no source info available)
V  [jvm.dll+0x143d4e]  (no source info available)
V  [jvm.dll+0x14633e]  (no source info available)
V  [jvm.dll+0x144559]  (no source info available)
V  [jvm.dll+0x13e71b]  (no source info available)
V  [jvm.dll+0x14e028]  (no source info available)
V  [jvm.dll+0x139dc5]  (no source info available)
V  [jvm.dll+0x13a140]  (no source info available)
V  [jvm.dll+0x13a413]  (no source info available)
V  [jvm.dll+0x139867]  (no source info available)
V  [jvm.dll+0x13b58d]  (no source info available)
V  [jvm.dll+0x22dc6b]  (no source info available)
V  [jvm.dll+0x22bdf6]  (no source info available)
V  [jvm.dll+0x7fbecb]  (no source info available)
V  [jvm.dll+0x7f62cc]  (no source info available)
V  [jvm.dll+0x68e227]  (no source info available)
C  [ucrtbase.dll+0x37b0]  (no source info available)
C  [KERNEL32.DLL+0x2e957]  (no source info available)
C  [ntdll.dll+0x427c]  (no source info available)


---------------  P R O C E S S  ---------------

Threads class SMR info:
_java_thread_list=0x000001b763adacb0, length=46, elements={
0x000001b75bfa46d0, 0x000001b75bfa7c10, 0x000001b75bfbe9a0, 0x000001b75bfbf360,
0x000001b75bfc18a0, 0x000001b75bfc2dd0, 0x000001b75bfc4300, 0x000001b75bfdb160,
0x000001b75c697b20, 0x000001b75c6c02d0, 0x000001b762ef0180, 0x000001b76408c0e0,
0x000001b763b274c0, 0x000001b763b28e10, 0x000001b763b279d0, 0x000001b763b29d40,
0x000001b763b28900, 0x000001b763b29320, 0x000001b763b283f0, 0x000001b763b2c0b0,
0x000001b763b2c5c0, 0x000001b763b2cad0, 0x000001b763b2cfe0, 0x000001b763b29830,
0x000001b763b2d4f0, 0x000001b763b2e420, 0x000001b763b2e930, 0x000001b763b2df10,
0x000001b763b2da00, 0x000001b7640865c0, 0x000001b764087a00, 0x000001b764087f10,
0x000001b764089350, 0x000001b7640860b0, 0x000001b764088420, 0x000001b764086fe0,
0x000001b764089d70, 0x000001b764088e40, 0x000001b764088930, 0x000001b7640874f0,
0x000001b764089860, 0x000001b764086ad0, 0x000001b76408b6c0, 0x000001b76452c9a0,
0x000001b75c4ffcf0, 0x000001b7697e2820
}

Java Threads: ( => current thread )
  0x000001b75bfa46d0 JavaThread "Reference Handler" daemon [_thread_blocked, id=7644, stack(0x000000217db00000,0x000000217dc00000)]
  0x000001b75bfa7c10 JavaThread "Finalizer" daemon [_thread_blocked, id=12392, stack(0x000000217dc00000,0x000000217dd00000)]
  0x000001b75bfbe9a0 JavaThread "Signal Dispatcher" daemon [_thread_blocked, id=20100, stack(0x000000217dd00000,0x000000217de00000)]
  0x000001b75bfbf360 JavaThread "Attach Listener" daemon [_thread_blocked, id=14052, stack(0x000000217de00000,0x000000217df00000)]
  0x000001b75bfc18a0 JavaThread "Service Thread" daemon [_thread_blocked, id=4896, stack(0x000000217df00000,0x000000217e000000)]
  0x000001b75bfc2dd0 JavaThread "Monitor Deflation Thread" daemon [_thread_blocked, id=12172, stack(0x000000217e000000,0x000000217e100000)]
  0x000001b75bfc4300 JavaThread "C1 CompilerThread0" daemon [_thread_blocked, id=2824, stack(0x000000217e100000,0x000000217e200000)]
  0x000001b75bfdb160 JavaThread "Sweeper thread" daemon [_thread_blocked, id=23472, stack(0x000000217e200000,0x000000217e300000)]
  0x000001b75c697b20 JavaThread "Notification Thread" daemon [_thread_blocked, id=23072, stack(0x000000217e500000,0x000000217e600000)]
  0x000001b75c6c02d0 JavaThread "Common-Cleaner" daemon [_thread_blocked, id=15824, stack(0x000000217e700000,0x000000217e800000)]
  0x000001b762ef0180 JavaThread "mysql-cj-abandoned-connection-cleanup" daemon [_thread_blocked, id=13384, stack(0x000000217fb00000,0x000000217fc00000)]
  0x000001b76408c0e0 JavaThread "DestroyJavaVM" [_thread_blocked, id=20876, stack(0x000000217d400000,0x000000217d500000)]
  0x000001b763b274c0 JavaThread "Catalina-utility-1" [_thread_blocked, id=9964, stack(0x0000002100500000,0x0000002100600000)]
  0x000001b763b28e10 JavaThread "Catalina-utility-2" [_thread_blocked, id=9932, stack(0x0000002100600000,0x0000002100700000)]
  0x000001b763b279d0 JavaThread "container-0" [_thread_blocked, id=23164, stack(0x0000002100700000,0x0000002100800000)]
  0x000001b763b29d40 JavaThread "HikariPool-6 housekeeper" daemon [_thread_blocked, id=5032, stack(0x0000002100800000,0x0000002100900000)]
  0x000001b763b28900 JavaThread "lettuce-timer-13-1" daemon [_thread_blocked, id=17416, stack(0x0000002100c00000,0x0000002100d00000)]
  0x000001b763b29320 JavaThread "spring.cloud.inetutils" daemon [_thread_blocked, id=8356, stack(0x0000002100d00000,0x0000002100e00000)]
  0x000001b763b283f0 JavaThread "File Watcher" daemon [_thread_blocked, id=17080, stack(0x0000002100e00000,0x0000002100f00000)]
  0x000001b763b2c0b0 JavaThread "AsyncResolver-bootstrap-0" daemon [_thread_blocked, id=6480, stack(0x0000002100f00000,0x0000002101000000)]
  0x000001b763b2c5c0 JavaThread "idle-connection-evictor-1" daemon [_thread_blocked, id=20488, stack(0x0000002101000000,0x0000002101100000)]
  0x000001b763b2cad0 JavaThread "DiscoveryClient-0" daemon [_thread_blocked, id=13988, stack(0x0000002101100000,0x0000002101200000)]
  0x000001b763b2cfe0 JavaThread "DiscoveryClient-1" daemon [_thread_blocked, id=10996, stack(0x0000002101200000,0x0000002101300000)]
  0x000001b763b29830 JavaThread "DiscoveryClient-InstanceInfoReplicator-0" daemon [_thread_blocked, id=24416, stack(0x0000002101300000,0x0000002101400000)]
  0x000001b763b2d4f0 JavaThread "http-nio-8082-exec-1" daemon [_thread_blocked, id=21580, stack(0x0000002101400000,0x0000002101500000)]
  0x000001b763b2e420 JavaThread "http-nio-8082-exec-2" daemon [_thread_blocked, id=3264, stack(0x0000002101500000,0x0000002101600000)]
  0x000001b763b2e930 JavaThread "http-nio-8082-exec-3" daemon [_thread_blocked, id=7232, stack(0x0000002101600000,0x0000002101700000)]
  0x000001b763b2df10 JavaThread "http-nio-8082-exec-4" daemon [_thread_blocked, id=980, stack(0x0000002101700000,0x0000002101800000)]
  0x000001b763b2da00 JavaThread "http-nio-8082-exec-5" daemon [_thread_blocked, id=10700, stack(0x0000002101800000,0x0000002101900000)]
  0x000001b7640865c0 JavaThread "http-nio-8082-exec-6" daemon [_thread_blocked, id=23712, stack(0x0000002101900000,0x0000002101a00000)]
  0x000001b764087a00 JavaThread "http-nio-8082-exec-7" daemon [_thread_blocked, id=10704, stack(0x0000002101a00000,0x0000002101b00000)]
  0x000001b764087f10 JavaThread "http-nio-8082-exec-8" daemon [_thread_blocked, id=24440, stack(0x0000002101b00000,0x0000002101c00000)]
  0x000001b764089350 JavaThread "http-nio-8082-exec-9" daemon [_thread_blocked, id=14976, stack(0x0000002101c00000,0x0000002101d00000)]
  0x000001b7640860b0 JavaThread "http-nio-8082-exec-10" daemon [_thread_blocked, id=18344, stack(0x0000002101d00000,0x0000002101e00000)]
  0x000001b764088420 JavaThread "http-nio-8082-Poller" daemon [_thread_in_native, id=7904, stack(0x0000002101e00000,0x0000002101f00000)]
  0x000001b764086fe0 JavaThread "http-nio-8082-Acceptor" daemon [_thread_in_native, id=16496, stack(0x0000002101f00000,0x0000002102000000)]
  0x000001b764089d70 JavaThread "AMQP Connection 127.0.0.1:5672" [_thread_in_native, id=24528, stack(0x0000002102000000,0x0000002102100000)]
  0x000001b764088e40 JavaThread "pool-43-thread-2" [_thread_blocked, id=15096, stack(0x0000002102100000,0x0000002102200000)]
  0x000001b764088930 JavaThread "org.springframework.amqp.rabbit.RabbitListenerEndpointContainer#0-1" [_thread_blocked, id=8716, stack(0x0000002102200000,0x0000002102300000)]
  0x000001b7640874f0 JavaThread "pool-43-thread-3" [_thread_blocked, id=14916, stack(0x0000002102300000,0x0000002102400000)]
  0x000001b764089860 JavaThread "DiscoveryClient-HeartbeatExecutor-0" daemon [_thread_blocked, id=3436, stack(0x0000002100000000,0x0000002100100000)]
  0x000001b764086ad0 JavaThread "DiscoveryClient-CacheRefreshExecutor-0" daemon [_thread_blocked, id=23684, stack(0x0000002100900000,0x0000002100a00000)]
  0x000001b76408b6c0 JavaThread "AsyncResolver-bootstrap-executor-0" daemon [_thread_blocked, id=24424, stack(0x0000002100100000,0x0000002100200000)]
  0x000001b76452c9a0 JavaThread "C1 CompilerThread1" daemon [_thread_blocked, id=12372, stack(0x0000002100300000,0x0000002100400000)]
=>0x000001b75c4ffcf0 JavaThread "C1 CompilerThread2" daemon [_thread_in_native, id=12792, stack(0x0000002100400000,0x0000002100500000)]
  0x000001b7697e2820 JavaThread "C1 CompilerThread3" daemon [_thread_blocked, id=24020, stack(0x0000002100a00000,0x0000002100b00000)]

Other Threads:
  0x000001b75bf9d600 VMThread "VM Thread" [stack: 0x000000217da00000,0x000000217db00000] [id=23540]
  0x000001b75c6b8010 WatcherThread [stack: 0x000000217e600000,0x000000217e700000] [id=19684]
  0x000001b7451c1230 GCTaskThread "GC Thread#0" [stack: 0x000000217d500000,0x000000217d600000] [id=24432]
  0x000001b761896c20 GCTaskThread "GC Thread#1" [stack: 0x000000217e800000,0x000000217e900000] [id=16420]
  0x000001b76187a090 GCTaskThread "GC Thread#2" [stack: 0x000000217e900000,0x000000217ea00000] [id=23348]
  0x000001b76187a360 GCTaskThread "GC Thread#3" [stack: 0x000000217ea00000,0x000000217eb00000] [id=17264]
  0x000001b76187a630 GCTaskThread "GC Thread#4" [stack: 0x000000217eb00000,0x000000217ec00000] [id=20660]
  0x000001b7617b3290 GCTaskThread "GC Thread#5" [stack: 0x000000217ec00000,0x000000217ed00000] [id=12160]
  0x000001b761c980a0 GCTaskThread "GC Thread#6" [stack: 0x000000217f200000,0x000000217f300000] [id=20872]
  0x000001b761c97dd0 GCTaskThread "GC Thread#7" [stack: 0x000000217f300000,0x000000217f400000] [id=24204]
  0x000001b761c96fc0 GCTaskThread "GC Thread#8" [stack: 0x000000217f400000,0x000000217f500000] [id=17632]
  0x000001b761c96480 GCTaskThread "GC Thread#9" [stack: 0x000000217f500000,0x000000217f600000] [id=11148]
  0x000001b7451d1f90 ConcurrentGCThread "G1 Main Marker" [stack: 0x000000217d600000,0x000000217d700000] [id=14548]
  0x000001b7451d3680 ConcurrentGCThread "G1 Conc#0" [stack: 0x000000217d700000,0x000000217d800000] [id=17564]
  0x000001b761c96750 ConcurrentGCThread "G1 Conc#1" [stack: 0x000000217f700000,0x000000217f800000] [id=24280]
  0x000001b761c96a20 ConcurrentGCThread "G1 Conc#2" [stack: 0x000000217f800000,0x000000217f900000] [id=1892]
  0x000001b75beda200 ConcurrentGCThread "G1 Refine#0" [stack: 0x000000217d800000,0x000000217d900000] [id=23788]
  0x000001b75bedaae0 ConcurrentGCThread "G1 Service" [stack: 0x000000217d900000,0x000000217da00000] [id=24256]

Threads with active compile tasks:
C1 CompilerThread2  8293330 14354   !   1       org.apache.hc.client5.http.impl.classic.ProtocolExec::execute (916 bytes)

VM state: not at safepoint (normal execution)

VM Mutex/Monitor currently owned by a thread: None

Heap address: 0x0000000702000000, size: 4064 MB, Compressed Oops mode: Zero based, Oop shift amount: 3

CDS archive(s) mapped at: [0x000001b700000000-0x000001b700bb0000-0x000001b700bb0000), size 12255232, SharedBaseAddress: 0x000001b700000000, ArchiveRelocationMode: 1.
Compressed class space mapped at: 0x000001b701000000-0x000001b741000000, reserved size: 1073741824
Narrow klass base: 0x000001b700000000, Narrow klass shift: 0, Narrow klass range: 0x100000000

GC Precious Log:
 CPUs: 12 total, 12 available
 Memory: 16251M
 Large Page Support: Disabled
 NUMA Support: Disabled
 Compressed Oops: Enabled (Zero based)
 Heap Region Size: 2M
 Heap Min Capacity: 8M
 Heap Initial Capacity: 254M
 Heap Max Capacity: 4064M
 Pre-touch: Disabled
 Parallel Workers: 10
 Concurrent Workers: 3
 Concurrent Refinement Workers: 10
 Periodic GC: Disabled

Heap:
 garbage-first heap   total 212992K, used 136471K [0x0000000702000000, 0x0000000800000000)
  region size 2048K, 30 young (61440K), 3 survivors (6144K)
 Metaspace       used 95802K, committed 96640K, reserved 1179648K
  class space    used 13792K, committed 14208K, reserved 1048576K

Heap Regions: E=young(eden), S=young(survivor), O=old, HS=humongous(starts), HC=humongous(continues), CS=collection set, F=free, OA=open archive, CA=closed archive, TAMS=top-at-mark-start (previous, next)
|   0|0x0000000702000000, 0x0000000702200000, 0x0000000702200000|100%| O|  |TAMS 0x0000000702200000, 0x0000000702000000| Untracked 
|   1|0x0000000702200000, 0x0000000702400000, 0x0000000702400000|100%| O|  |TAMS 0x0000000702400000, 0x0000000702200000| Untracked 
|   2|0x0000000702400000, 0x00000007025fffe8, 0x0000000702600000| 99%| O|  |TAMS 0x00000007025fffe8, 0x0000000702400000| Untracked 
|   3|0x0000000702600000, 0x00000007027ffff8, 0x0000000702800000| 99%| O|  |TAMS 0x00000007027ffff8, 0x0000000702600000| Untracked 
|   4|0x0000000702800000, 0x00000007029ffff0, 0x0000000702a00000| 99%| O|  |TAMS 0x00000007029ffff0, 0x0000000702800000| Untracked 
|   5|0x0000000702a00000, 0x0000000702bffff8, 0x0000000702c00000| 99%| O|  |TAMS 0x0000000702a00000, 0x0000000702a00000| Untracked 
|   6|0x0000000702c00000, 0x0000000702dffff0, 0x0000000702e00000| 99%| O|  |TAMS 0x0000000702dffff0, 0x0000000702c00000| Untracked 
|   7|0x0000000702e00000, 0x0000000702ffffd8, 0x0000000703000000| 99%| O|  |TAMS 0x0000000702ffffd8, 0x0000000702e00000| Untracked 
|   8|0x0000000703000000, 0x0000000703200000, 0x0000000703200000|100%| O|  |TAMS 0x0000000703200000, 0x0000000703000000| Untracked 
|   9|0x0000000703200000, 0x00000007033fffd8, 0x0000000703400000| 99%| O|  |TAMS 0x00000007033fffd8, 0x0000000703200000| Untracked 
|  10|0x0000000703400000, 0x0000000703600000, 0x0000000703600000|100%| O|  |TAMS 0x0000000703600000, 0x0000000703400000| Untracked 
|  11|0x0000000703600000, 0x0000000703800000, 0x0000000703800000|100%| O|  |TAMS 0x0000000703800000, 0x0000000703600000| Untracked 
|  12|0x0000000703800000, 0x00000007039fffe8, 0x0000000703a00000| 99%| O|  |TAMS 0x00000007039fffe8, 0x0000000703800000| Untracked 
|  13|0x0000000703a00000, 0x0000000703bffff8, 0x0000000703c00000| 99%| O|  |TAMS 0x0000000703bffff8, 0x0000000703a00000| Untracked 
|  14|0x0000000703c00000, 0x0000000703df6960, 0x0000000703e00000| 98%| O|  |TAMS 0x0000000703df6960, 0x0000000703c00000| Untracked 
|  15|0x0000000703e00000, 0x0000000704000000, 0x0000000704000000|100%| O|  |TAMS 0x0000000704000000, 0x0000000703e00000| Untracked 
|  16|0x0000000704000000, 0x00000007041ffff8, 0x0000000704200000| 99%| O|  |TAMS 0x00000007041ffff8, 0x0000000704000000| Untracked 
|  17|0x0000000704200000, 0x00000007043ffff8, 0x0000000704400000| 99%| O|  |TAMS 0x00000007043ffff8, 0x0000000704200000| Untracked 
|  18|0x0000000704400000, 0x00000007045fffb0, 0x0000000704600000| 99%| O|  |TAMS 0x00000007045fffb0, 0x0000000704400000| Untracked 
|  19|0x0000000704600000, 0x00000007047fffb8, 0x0000000704800000| 99%| O|  |TAMS 0x00000007047fffb8, 0x0000000704600000| Untracked 
|  20|0x0000000704800000, 0x00000007049ffff8, 0x0000000704a00000| 99%| O|  |TAMS 0x0000000704800000, 0x0000000704800000| Untracked 
|  21|0x0000000704a00000, 0x0000000704bffff8, 0x0000000704c00000| 99%| O|  |TAMS 0x0000000704a00000, 0x0000000704a00000| Untracked 
|  22|0x0000000704c00000, 0x0000000704dffff0, 0x0000000704e00000| 99%| O|  |TAMS 0x0000000704c00000, 0x0000000704c00000| Untracked 
|  23|0x0000000704e00000, 0x0000000705000000, 0x0000000705000000|100%| O|  |TAMS 0x0000000705000000, 0x0000000704e00000| Untracked 
|  24|0x0000000705000000, 0x0000000705200000, 0x0000000705200000|100%| O|  |TAMS 0x0000000705200000, 0x0000000705000000| Untracked 
|  25|0x0000000705200000, 0x00000007053ffff0, 0x0000000705400000| 99%| O|  |TAMS 0x00000007053ffff0, 0x0000000705200000| Untracked 
|  26|0x0000000705400000, 0x00000007055fffb0, 0x0000000705600000| 99%| O|  |TAMS 0x00000007055fffb0, 0x0000000705400000| Untracked 
|  27|0x0000000705600000, 0x00000007057ffff8, 0x0000000705800000| 99%| O|  |TAMS 0x0000000705600000, 0x0000000705600000| Untracked 
|  28|0x0000000705800000, 0x00000007059fffc0, 0x0000000705a00000| 99%| O|  |TAMS 0x0000000705800000, 0x0000000705800000| Untracked 
|  29|0x0000000705a00000, 0x0000000705aa2698, 0x0000000705c00000| 31%| O|  |TAMS 0x0000000705a00000, 0x0000000705a00000| Untracked 
|  30|0x0000000705c00000, 0x0000000705d89a68, 0x0000000705e00000| 76%| O|  |TAMS 0x0000000705c00000, 0x0000000705c00000| Untracked 
|  31|0x0000000705e00000, 0x0000000705f25750, 0x0000000706000000| 57%| O|  |TAMS 0x0000000705e00000, 0x0000000705e00000| Untracked 
|  32|0x0000000706000000, 0x00000007061d5a78, 0x0000000706200000| 91%| O|  |TAMS 0x0000000706000000, 0x0000000706000000| Untracked 
|  33|0x0000000706200000, 0x0000000706372478, 0x0000000706400000| 72%| O|  |TAMS 0x0000000706200000, 0x0000000706200000| Untracked 
|  34|0x0000000706400000, 0x0000000706600000, 0x0000000706600000|100%| O|  |TAMS 0x0000000706400000, 0x0000000706400000| Untracked 
|  35|0x0000000706600000, 0x0000000706800000, 0x0000000706800000|100%| O|  |TAMS 0x0000000706600000, 0x0000000706600000| Untracked 
|  36|0x0000000706800000, 0x0000000706a00000, 0x0000000706a00000|100%| O|  |TAMS 0x0000000706800000, 0x0000000706800000| Untracked 
|  37|0x0000000706a00000, 0x0000000706b2ead8, 0x0000000706c00000| 59%| O|  |TAMS 0x0000000706a00000, 0x0000000706a00000| Untracked 
|  38|0x0000000706c00000, 0x0000000706e00000, 0x0000000706e00000|100%| O|  |TAMS 0x0000000706c00000, 0x0000000706c00000| Untracked 
|  39|0x0000000706e00000, 0x0000000706eaac00, 0x0000000707000000| 33%| O|  |TAMS 0x0000000706e00000, 0x0000000706e00000| Untracked 
|  40|0x0000000707000000, 0x0000000707000000, 0x0000000707200000|  0%| F|  |TAMS 0x0000000707000000, 0x0000000707000000| Untracked 
|  41|0x0000000707200000, 0x0000000707200000, 0x0000000707400000|  0%| F|  |TAMS 0x0000000707200000, 0x0000000707200000| Untracked 
|  42|0x0000000707400000, 0x0000000707400000, 0x0000000707600000|  0%| F|  |TAMS 0x0000000707400000, 0x0000000707400000| Untracked 
|  43|0x0000000707600000, 0x0000000707600000, 0x0000000707800000|  0%| F|  |TAMS 0x0000000707600000, 0x0000000707600000| Untracked 
|  44|0x0000000707800000, 0x0000000707800000, 0x0000000707a00000|  0%| F|  |TAMS 0x0000000707800000, 0x0000000707800000| Untracked 
|  45|0x0000000707a00000, 0x0000000707a00000, 0x0000000707c00000|  0%| F|  |TAMS 0x0000000707a00000, 0x0000000707a00000| Untracked 
|  46|0x0000000707c00000, 0x0000000707c00000, 0x0000000707e00000|  0%| F|  |TAMS 0x0000000707c00000, 0x0000000707c00000| Untracked 
|  47|0x0000000707e00000, 0x0000000707e00000, 0x0000000708000000|  0%| F|  |TAMS 0x0000000707e00000, 0x0000000707e00000| Untracked 
|  48|0x0000000708000000, 0x0000000708000000, 0x0000000708200000|  0%| F|  |TAMS 0x0000000708000000, 0x0000000708000000| Untracked 
|  49|0x0000000708200000, 0x0000000708200000, 0x0000000708400000|  0%| F|  |TAMS 0x0000000708200000, 0x0000000708200000| Untracked 
|  50|0x0000000708400000, 0x0000000708400000, 0x0000000708600000|  0%| F|  |TAMS 0x0000000708400000, 0x0000000708400000| Untracked 
|  51|0x0000000708600000, 0x0000000708700370, 0x0000000708800000| 50%| O|  |TAMS 0x0000000708600000, 0x0000000708600000| Untracked 
|  52|0x0000000708800000, 0x0000000708800000, 0x0000000708a00000|  0%| F|  |TAMS 0x0000000708800000, 0x0000000708800000| Untracked 
|  53|0x0000000708a00000, 0x0000000708a00000, 0x0000000708c00000|  0%| F|  |TAMS 0x0000000708a00000, 0x0000000708a00000| Untracked 
|  54|0x0000000708c00000, 0x0000000708c00000, 0x0000000708e00000|  0%| F|  |TAMS 0x0000000708c00000, 0x0000000708c00000| Untracked 
|  55|0x0000000708e00000, 0x0000000708fdc520, 0x0000000709000000| 93%| S|CS|TAMS 0x0000000708e00000, 0x0000000708e00000| Complete 
|  56|0x0000000709000000, 0x0000000709200000, 0x0000000709200000|100%| S|CS|TAMS 0x0000000709000000, 0x0000000709000000| Complete 
|  57|0x0000000709200000, 0x0000000709200000, 0x0000000709400000|  0%| F|  |TAMS 0x0000000709200000, 0x0000000709200000| Untracked 
|  58|0x0000000709400000, 0x0000000709400000, 0x0000000709600000|  0%| F|  |TAMS 0x0000000709400000, 0x0000000709400000| Untracked 
|  59|0x0000000709600000, 0x0000000709600000, 0x0000000709800000|  0%| F|  |TAMS 0x0000000709600000, 0x0000000709600000| Untracked 
|  60|0x0000000709800000, 0x0000000709a00000, 0x0000000709a00000|100%| S|CS|TAMS 0x0000000709800000, 0x0000000709800000| Complete 
|  61|0x0000000709a00000, 0x0000000709a00000, 0x0000000709c00000|  0%| F|  |TAMS 0x0000000709a00000, 0x0000000709a00000| Untracked 
|  62|0x0000000709c00000, 0x0000000709c00000, 0x0000000709e00000|  0%| F|  |TAMS 0x0000000709c00000, 0x0000000709c00000| Untracked 
|  63|0x0000000709e00000, 0x0000000709e00000, 0x000000070a000000|  0%| F|  |TAMS 0x0000000709e00000, 0x0000000709e00000| Untracked 
|  64|0x000000070a000000, 0x000000070a000000, 0x000000070a200000|  0%| F|  |TAMS 0x000000070a000000, 0x000000070a000000| Untracked 
|  65|0x000000070a200000, 0x000000070a200000, 0x000000070a400000|  0%| F|  |TAMS 0x000000070a200000, 0x000000070a200000| Untracked 
|  66|0x000000070a400000, 0x000000070a400000, 0x000000070a600000|  0%| F|  |TAMS 0x000000070a400000, 0x000000070a400000| Untracked 
|  67|0x000000070a600000, 0x000000070a600000, 0x000000070a800000|  0%| F|  |TAMS 0x000000070a600000, 0x000000070a600000| Untracked 
|  68|0x000000070a800000, 0x000000070a800000, 0x000000070aa00000|  0%| F|  |TAMS 0x000000070a800000, 0x000000070a800000| Untracked 
|  69|0x000000070aa00000, 0x000000070aa00000, 0x000000070ac00000|  0%| F|  |TAMS 0x000000070aa00000, 0x000000070aa00000| Untracked 
|  70|0x000000070ac00000, 0x000000070ac00000, 0x000000070ae00000|  0%| F|  |TAMS 0x000000070ac00000, 0x000000070ac00000| Untracked 
|  71|0x000000070ae00000, 0x000000070ae00000, 0x000000070b000000|  0%| F|  |TAMS 0x000000070ae00000, 0x000000070ae00000| Untracked 
|  72|0x000000070b000000, 0x000000070b000000, 0x000000070b200000|  0%| F|  |TAMS 0x000000070b000000, 0x000000070b000000| Untracked 
|  73|0x000000070b200000, 0x000000070b200000, 0x000000070b400000|  0%| F|  |TAMS 0x000000070b200000, 0x000000070b200000| Untracked 
|  74|0x000000070b400000, 0x000000070b400000, 0x000000070b600000|  0%| F|  |TAMS 0x000000070b400000, 0x000000070b400000| Untracked 
|  75|0x000000070b600000, 0x000000070b600000, 0x000000070b800000|  0%| F|  |TAMS 0x000000070b600000, 0x000000070b600000| Untracked 
|  76|0x000000070b800000, 0x000000070b800000, 0x000000070ba00000|  0%| F|  |TAMS 0x000000070b800000, 0x000000070b800000| Untracked 
|  77|0x000000070ba00000, 0x000000070bafd258, 0x000000070bc00000| 49%| E|  |TAMS 0x000000070ba00000, 0x000000070ba00000| Complete 
|  78|0x000000070bc00000, 0x000000070be00000, 0x000000070be00000|100%| E|CS|TAMS 0x000000070bc00000, 0x000000070bc00000| Complete 
|  79|0x000000070be00000, 0x000000070c000000, 0x000000070c000000|100%| E|CS|TAMS 0x000000070be00000, 0x000000070be00000| Complete 
|  80|0x000000070c000000, 0x000000070c200000, 0x000000070c200000|100%| E|CS|TAMS 0x000000070c000000, 0x000000070c000000| Complete 
|  81|0x000000070c200000, 0x000000070c400000, 0x000000070c400000|100%| E|CS|TAMS 0x000000070c200000, 0x000000070c200000| Complete 
|  82|0x000000070c400000, 0x000000070c600000, 0x000000070c600000|100%| E|CS|TAMS 0x000000070c400000, 0x000000070c400000| Complete 
|  83|0x000000070c600000, 0x000000070c800000, 0x000000070c800000|100%| E|CS|TAMS 0x000000070c600000, 0x000000070c600000| Complete 
|  84|0x000000070c800000, 0x000000070ca00000, 0x000000070ca00000|100%| E|CS|TAMS 0x000000070c800000, 0x000000070c800000| Complete 
|  85|0x000000070ca00000, 0x000000070cc00000, 0x000000070cc00000|100%| E|CS|TAMS 0x000000070ca00000, 0x000000070ca00000| Complete 
|  86|0x000000070cc00000, 0x000000070ce00000, 0x000000070ce00000|100%| E|CS|TAMS 0x000000070cc00000, 0x000000070cc00000| Complete 
|  87|0x000000070ce00000, 0x000000070d000000, 0x000000070d000000|100%| E|CS|TAMS 0x000000070ce00000, 0x000000070ce00000| Complete 
|  88|0x000000070d000000, 0x000000070d200000, 0x000000070d200000|100%| E|CS|TAMS 0x000000070d000000, 0x000000070d000000| Complete 
|  89|0x000000070d200000, 0x000000070d400000, 0x000000070d400000|100%| E|CS|TAMS 0x000000070d200000, 0x000000070d200000| Complete 
|  90|0x000000070d400000, 0x000000070d600000, 0x000000070d600000|100%| E|CS|TAMS 0x000000070d400000, 0x000000070d400000| Complete 
|  91|0x000000070d600000, 0x000000070d800000, 0x000000070d800000|100%| E|CS|TAMS 0x000000070d600000, 0x000000070d600000| Complete 
|  92|0x000000070d800000, 0x000000070da00000, 0x000000070da00000|100%| E|CS|TAMS 0x000000070d800000, 0x000000070d800000| Complete 
|  93|0x000000070da00000, 0x000000070dc00000, 0x000000070dc00000|100%| E|CS|TAMS 0x000000070da00000, 0x000000070da00000| Complete 
|  94|0x000000070dc00000, 0x000000070de00000, 0x000000070de00000|100%| E|CS|TAMS 0x000000070dc00000, 0x000000070dc00000| Complete 
|  95|0x000000070de00000, 0x000000070e000000, 0x000000070e000000|100%| E|CS|TAMS 0x000000070de00000, 0x000000070de00000| Complete 
|  96|0x000000070e000000, 0x000000070e200000, 0x000000070e200000|100%| E|CS|TAMS 0x000000070e000000, 0x000000070e000000| Complete 
|  97|0x000000070e200000, 0x000000070e400000, 0x000000070e400000|100%| E|CS|TAMS 0x000000070e200000, 0x000000070e200000| Complete 
|  98|0x000000070e400000, 0x000000070e600000, 0x000000070e600000|100%| E|CS|TAMS 0x000000070e400000, 0x000000070e400000| Complete 
|  99|0x000000070e600000, 0x000000070e800000, 0x000000070e800000|100%| E|CS|TAMS 0x000000070e600000, 0x000000070e600000| Complete 
| 100|0x000000070e800000, 0x000000070ea00000, 0x000000070ea00000|100%| E|CS|TAMS 0x000000070e800000, 0x000000070e800000| Complete 
| 101|0x000000070ea00000, 0x000000070ec00000, 0x000000070ec00000|100%| E|CS|TAMS 0x000000070ea00000, 0x000000070ea00000| Complete 
| 102|0x000000070ec00000, 0x000000070ee00000, 0x000000070ee00000|100%| E|CS|TAMS 0x000000070ec00000, 0x000000070ec00000| Complete 
| 103|0x000000070ee00000, 0x000000070f000000, 0x000000070f000000|100%| E|CS|TAMS 0x000000070ee00000, 0x000000070ee00000| Complete 

Card table byte_map: [0x000001b750800000,0x000001b750ff0000] _byte_map_base: 0x000001b74cff0000

Marking Bits (Prev, Next): (CMBitMap*) 0x000001b7451c18a0, (CMBitMap*) 0x000001b7451c1860
 Prev Bits: [0x000001b755760000, 0x000001b7596e0000)
 Next Bits: [0x000001b7517e0000, 0x000001b755760000)

Polling page: 0x000001b7432e0000

Metaspace:

Usage:
  Non-class:     80.09 MB used.
      Class:     13.47 MB used.
       Both:     93.56 MB used.

Virtual space:
  Non-class space:      128.00 MB reserved,      80.50 MB ( 63%) committed,  2 nodes.
      Class space:        1.00 GB reserved,      13.88 MB (  1%) committed,  1 nodes.
             Both:        1.12 GB reserved,      94.38 MB (  8%) committed. 

Chunk freelists:
   Non-Class:  14.84 MB
       Class:  2.19 MB
        Both:  17.03 MB

MaxMetaspaceSize: unlimited
CompressedClassSpaceSize: 1.00 GB
Initial GC threshold: 21.00 MB
Current GC threshold: 156.25 MB
CDS: on
MetaspaceReclaimPolicy: balanced
 - commit_granule_bytes: 65536.
 - commit_granule_words: 8192.
 - virtual_space_node_default_size: 8388608.
 - enlarge_chunks_in_place: 1.
 - new_chunks_are_fully_committed: 0.
 - uncommit_free_chunks: 1.
 - use_allocation_guard: 0.
 - handle_deallocations: 1.


Internal statistics:

num_allocs_failed_limit: 12.
num_arena_births: 1440.
num_arena_deaths: 318.
num_vsnodes_births: 3.
num_vsnodes_deaths: 0.
num_space_committed: 1510.
num_space_uncommitted: 0.
num_chunks_returned_to_freelist: 372.
num_chunks_taken_from_freelist: 5297.
num_chunk_merges: 127.
num_chunk_splits: 3549.
num_chunks_enlarged: 2614.
num_inconsistent_stats: 0.

CodeCache: size=49152Kb used=26425Kb max_used=26425Kb free=22726Kb
 bounds [0x000001b74ccd0000, 0x000001b74e6e0000, 0x000001b74fcd0000]
 total_blobs=14937 nmethods=14164 adapters=696
 compilation: enabled
              stopped_count=0, restarted_count=0
 full_count=0

Compilation events (20 events):
Event: 8270.371 Thread 0x000001b75bfc4300 14345       1       com.mysql.cj.protocol.a.NativeProtocol::getCurrentTimeNanosOrMillis (17 bytes)
Event: 8270.371 Thread 0x000001b75bfc4300 nmethod 14345 0x000001b74e5f2410 code [0x000001b74e5f25c0, 0x000001b74e5f26e8]
Event: 8270.373 Thread 0x000001b75bfc4300 14346       1       com.zaxxer.hikari.pool.PoolBase::setNetworkTimeout (21 bytes)
Event: 8270.374 Thread 0x000001b75bfc4300 nmethod 14346 0x000001b74e5f2090 code [0x000001b74e5f2240, 0x000001b74e5f2348]
Event: 8290.239 Thread 0x000001b75bfc4300 14356       1       org.apache.hc.core5.net.URIBuilder::parseQuery (173 bytes)
Event: 8290.240 Thread 0x000001b75bfc4300 nmethod 14356 0x000001b74e5f1010 code [0x000001b74e5f1280, 0x000001b74e5f1b48]
Event: 8290.241 Thread 0x000001b75bfc4300 14352       1       org.apache.hc.client5.http.impl.classic.ContentCompressionExec::execute (318 bytes)
Event: 8290.241 Thread 0x000001b76452c9a0 14361   !   1       org.apache.hc.client5.http.impl.classic.ConnectExec::execute (508 bytes)
Event: 8290.241 Thread 0x000001b75c4ffcf0 14354   !   1       org.apache.hc.client5.http.impl.classic.ProtocolExec::execute (916 bytes)
Event: 8290.241 Thread 0x000001b7697e2820 14347       1       org.apache.hc.core5.http.message.BasicHttpRequest::<init> (34 bytes)
Event: 8290.241 Thread 0x000001b7697e2820 nmethod 14347 0x000001b74e4d6d90 code [0x000001b74e4d6f60, 0x000001b74e4d7398]
Event: 8290.241 Thread 0x000001b7697e2820 14348   !   1       org.apache.hc.client5.http.impl.classic.RedirectExec::execute (868 bytes)
Event: 8290.243 Thread 0x000001b75bfc4300 nmethod 14352 0x000001b74e4d4c90 code [0x000001b74e4d5040, 0x000001b74e4d6158]
Event: 8290.243 Thread 0x000001b75bfc4300 14349       1       org.apache.hc.client5.http.protocol.HttpClientContext::getRedirectLocations (12 bytes)
Event: 8290.243 Thread 0x000001b75bfc4300 nmethod 14349 0x000001b74e4d4710 code [0x000001b74e4d48e0, 0x000001b74e4d4b48]
Event: 8290.243 Thread 0x000001b75bfc4300 14350       1       org.apache.hc.client5.http.protocol.RedirectLocations::<init> (27 bytes)
Event: 8290.243 Thread 0x000001b75bfc4300 nmethod 14350 0x000001b74e4d4110 code [0x000001b74e4d42c0, 0x000001b74e4d4658]
Event: 8290.243 Thread 0x000001b75bfc4300 14351       1       org.apache.hc.client5.http.protocol.RedirectLocations::clear (19 bytes)
Event: 8290.243 Thread 0x000001b75bfc4300 nmethod 14351 0x000001b74e4d3d90 code [0x000001b74e4d3f40, 0x000001b74e4d4058]
Event: 8290.243 Thread 0x000001b75bfc4300 14353   !   1       org.apache.hc.client5.http.impl.classic.HttpRequestRetryExec::execute (594 bytes)

GC Heap History (20 events):
Event: 160.165 GC heap before
{Heap before GC invocations=51 (full 3):
 garbage-first heap   total 212992K, used 116653K [0x0000000702000000, 0x0000000800000000)
  region size 2048K, 29 young (59392K), 4 survivors (8192K)
 Metaspace       used 94561K, committed 95232K, reserved 1179648K
  class space    used 13649K, committed 13952K, reserved 1048576K
}
Event: 160.217 GC heap after
{Heap after GC invocations=52 (full 4):
 garbage-first heap   total 212992K, used 60724K [0x0000000702000000, 0x0000000800000000)
  region size 2048K, 0 young (0K), 0 survivors (0K)
 Metaspace       used 94554K, committed 95232K, reserved 1179648K
  class space    used 13648K, committed 13952K, reserved 1048576K
}
Event: 161.234 GC heap before
{Heap before GC invocations=52 (full 4):
 garbage-first heap   total 212992K, used 167220K [0x0000000702000000, 0x0000000800000000)
  region size 2048K, 52 young (106496K), 0 survivors (0K)
 Metaspace       used 94702K, committed 95424K, reserved 1179648K
  class space    used 13667K, committed 14016K, reserved 1048576K
}
Event: 161.241 GC heap after
{Heap after GC invocations=53 (full 4):
 garbage-first heap   total 212992K, used 67127K [0x0000000702000000, 0x0000000800000000)
  region size 2048K, 4 young (8192K), 4 survivors (8192K)
 Metaspace       used 94702K, committed 95424K, reserved 1179648K
  class space    used 13667K, committed 14016K, reserved 1048576K
}
Event: 162.012 GC heap before
{Heap before GC invocations=53 (full 4):
 garbage-first heap   total 212992K, used 167479K [0x0000000702000000, 0x0000000800000000)
  region size 2048K, 53 young (108544K), 4 survivors (8192K)
 Metaspace       used 95055K, committed 95744K, reserved 1179648K
  class space    used 13692K, committed 14016K, reserved 1048576K
}
Event: 162.017 GC heap after
{Heap after GC invocations=54 (full 4):
 garbage-first heap   total 212992K, used 70880K [0x0000000702000000, 0x0000000800000000)
  region size 2048K, 5 young (10240K), 5 survivors (10240K)
 Metaspace       used 95055K, committed 95744K, reserved 1179648K
  class space    used 13692K, committed 14016K, reserved 1048576K
}
Event: 163.206 GC heap before
{Heap before GC invocations=54 (full 4):
 garbage-first heap   total 212992K, used 169184K [0x0000000702000000, 0x0000000800000000)
  region size 2048K, 53 young (108544K), 5 survivors (10240K)
 Metaspace       used 95058K, committed 95744K, reserved 1179648K
  class space    used 13693K, committed 14016K, reserved 1048576K
}
Event: 163.214 GC heap after
{Heap after GC invocations=55 (full 4):
 garbage-first heap   total 212992K, used 73898K [0x0000000702000000, 0x0000000800000000)
  region size 2048K, 4 young (8192K), 4 survivors (8192K)
 Metaspace       used 95058K, committed 95744K, reserved 1179648K
  class space    used 13693K, committed 14016K, reserved 1048576K
}
Event: 418.407 GC heap before
{Heap before GC invocations=55 (full 4):
 garbage-first heap   total 212992K, used 151722K [0x0000000702000000, 0x0000000800000000)
  region size 2048K, 43 young (88064K), 4 survivors (8192K)
 Metaspace       used 95246K, committed 96000K, reserved 1179648K
  class space    used 13737K, committed 14080K, reserved 1048576K
}
Event: 418.463 GC heap after
{Heap after GC invocations=56 (full 5):
 garbage-first heap   total 212992K, used 68347K [0x0000000702000000, 0x0000000800000000)
  region size 2048K, 0 young (0K), 0 survivors (0K)
 Metaspace       used 95240K, committed 96000K, reserved 1179648K
  class space    used 13736K, committed 14080K, reserved 1048576K
}
Event: 419.321 GC heap before
{Heap before GC invocations=56 (full 5):
 garbage-first heap   total 212992K, used 170747K [0x0000000702000000, 0x0000000800000000)
  region size 2048K, 50 young (102400K), 0 survivors (0K)
 Metaspace       used 95407K, committed 96192K, reserved 1179648K
  class space    used 13758K, committed 14144K, reserved 1048576K
}
Event: 419.325 GC heap after
{Heap after GC invocations=57 (full 5):
 garbage-first heap   total 212992K, used 74739K [0x0000000702000000, 0x0000000800000000)
  region size 2048K, 4 young (8192K), 4 survivors (8192K)
 Metaspace       used 95407K, committed 96192K, reserved 1179648K
  class space    used 13758K, committed 14144K, reserved 1048576K
}
Event: 419.843 GC heap before
{Heap before GC invocations=57 (full 5):
 garbage-first heap   total 212992K, used 166899K [0x0000000702000000, 0x0000000800000000)
  region size 2048K, 50 young (102400K), 4 survivors (8192K)
 Metaspace       used 95759K, committed 96512K, reserved 1179648K
  class space    used 13782K, committed 14144K, reserved 1048576K
}
Event: 419.847 GC heap after
{Heap after GC invocations=58 (full 5):
 garbage-first heap   total 212992K, used 78366K [0x0000000702000000, 0x0000000800000000)
  region size 2048K, 5 young (10240K), 5 survivors (10240K)
 Metaspace       used 95759K, committed 96512K, reserved 1179648K
  class space    used 13782K, committed 14144K, reserved 1048576K
}
Event: 420.382 GC heap before
{Heap before GC invocations=58 (full 5):
 garbage-first heap   total 212992K, used 172574K [0x0000000702000000, 0x0000000800000000)
  region size 2048K, 51 young (104448K), 5 survivors (10240K)
 Metaspace       used 95760K, committed 96512K, reserved 1179648K
  class space    used 13782K, committed 14144K, reserved 1048576K
}
Event: 420.387 GC heap after
{Heap after GC invocations=59 (full 5):
 garbage-first heap   total 212992K, used 81032K [0x0000000702000000, 0x0000000800000000)
  region size 2048K, 4 young (8192K), 4 survivors (8192K)
 Metaspace       used 95760K, committed 96512K, reserved 1179648K
  class space    used 13782K, committed 14144K, reserved 1048576K
}
Event: 1051.291 GC heap before
{Heap before GC invocations=59 (full 5):
 garbage-first heap   total 212992K, used 171144K [0x0000000702000000, 0x0000000800000000)
  region size 2048K, 48 young (98304K), 4 survivors (8192K)
 Metaspace       used 95787K, committed 96576K, reserved 1179648K
  class space    used 13787K, committed 14144K, reserved 1048576K
}
Event: 1051.298 GC heap after
{Heap after GC invocations=60 (full 5):
 garbage-first heap   total 212992K, used 83366K [0x0000000702000000, 0x0000000800000000)
  region size 2048K, 3 young (6144K), 3 survivors (6144K)
 Metaspace       used 95787K, committed 96576K, reserved 1179648K
  class space    used 13787K, committed 14144K, reserved 1048576K
}
Event: 3448.180 GC heap before
{Heap before GC invocations=60 (full 5):
 garbage-first heap   total 212992K, used 171430K [0x0000000702000000, 0x0000000800000000)
  region size 2048K, 46 young (94208K), 3 survivors (6144K)
 Metaspace       used 95796K, committed 96640K, reserved 1179648K
  class space    used 13790K, committed 14208K, reserved 1048576K
}
Event: 3448.184 GC heap after
{Heap after GC invocations=61 (full 5):
 garbage-first heap   total 212992K, used 83223K [0x0000000702000000, 0x0000000800000000)
  region size 2048K, 3 young (6144K), 3 survivors (6144K)
 Metaspace       used 95796K, committed 96640K, reserved 1179648K
  class space    used 13790K, committed 14208K, reserved 1048576K
}

Dll operation events (11 events):
Event: 0.007 Loaded shared library C:\Program Files\Microsoft\jdk-17.0.19.10-hotspot\bin\java.dll
Event: 0.024 Loaded shared library C:\Program Files\Microsoft\jdk-17.0.19.10-hotspot\bin\jsvml.dll
Event: 0.106 Loaded shared library C:\Program Files\Microsoft\jdk-17.0.19.10-hotspot\bin\net.dll
Event: 0.108 Loaded shared library C:\Program Files\Microsoft\jdk-17.0.19.10-hotspot\bin\nio.dll
Event: 0.110 Loaded shared library C:\Program Files\Microsoft\jdk-17.0.19.10-hotspot\bin\zip.dll
Event: 0.193 Loaded shared library C:\Program Files\Microsoft\jdk-17.0.19.10-hotspot\bin\jimage.dll
Event: 0.354 Loaded shared library C:\Program Files\Microsoft\jdk-17.0.19.10-hotspot\bin\management.dll
Event: 0.355 Loaded shared library C:\Program Files\Microsoft\jdk-17.0.19.10-hotspot\bin\management_ext.dll
Event: 0.935 Loaded shared library C:\Program Files\Microsoft\jdk-17.0.19.10-hotspot\bin\extnet.dll
Event: 1.462 Loaded shared library C:\Program Files\Microsoft\jdk-17.0.19.10-hotspot\bin\sunmscapi.dll
Event: 3.993 Loaded shared library C:\Program Files\Microsoft\jdk-17.0.19.10-hotspot\bin\verify.dll

Deoptimization events (14 events):
Event: 0.854 Thread 0x000001b76191a760 DEOPT PACKING pc=0x000001b74d06c02c sp=0x000000217eefd8a0
Event: 0.854 Thread 0x000001b76191a760 DEOPT UNPACKING pc=0x000001b74cd27143 sp=0x000000217eefcd68 mode 0
Event: 3.138 Thread 0x000001b76191a760 DEOPT PACKING pc=0x000001b74d63f50a sp=0x000000217eefd760
Event: 3.138 Thread 0x000001b76191a760 DEOPT UNPACKING pc=0x000001b74cd27143 sp=0x000000217eefccf8 mode 0
Event: 3.759 Thread 0x000001b76191a760 DEOPT PACKING pc=0x000001b74d274889 sp=0x000000217eefe290
Event: 3.759 Thread 0x000001b76191a760 DEOPT UNPACKING pc=0x000001b74cd27143 sp=0x000000217eefd720 mode 3
Event: 3.759 Thread 0x000001b762f36450 DEOPT PACKING pc=0x000001b74d270d9f sp=0x000000217f9fed10
Event: 3.759 Thread 0x000001b762f36450 DEOPT UNPACKING pc=0x000001b74cd27143 sp=0x000000217f9fe168 mode 3
Event: 5.320 Thread 0x000001b76191a760 DEOPT PACKING pc=0x000001b74d2fc17a sp=0x000000217eefb750
Event: 5.320 Thread 0x000001b76191a760 DEOPT UNPACKING pc=0x000001b74cd27143 sp=0x000000217eefac58 mode 3
Event: 5.322 Thread 0x000001b76191a760 DEOPT PACKING pc=0x000001b74d2b9155 sp=0x000000217eefb710
Event: 5.322 Thread 0x000001b76191a760 DEOPT UNPACKING pc=0x000001b74cd27143 sp=0x000000217eefac58 mode 3
Event: 5.381 Thread 0x000001b76191a760 DEOPT PACKING pc=0x000001b74d307ecc sp=0x000000217eefbe70
Event: 5.381 Thread 0x000001b76191a760 DEOPT UNPACKING pc=0x000001b74cd27143 sp=0x000000217eefb3c8 mode 0

Classes loaded (20 events):
Event: 117.188 Loading class sun/security/ssl/Alert$Level
Event: 117.189 Loading class sun/security/ssl/Alert$Level done
Event: 117.691 Loading class java/lang/Throwable$WrappedPrintWriter
Event: 117.691 Loading class java/lang/Throwable$PrintStreamOrWriter
Event: 117.691 Loading class java/lang/Throwable$PrintStreamOrWriter done
Event: 117.691 Loading class java/lang/Throwable$WrappedPrintWriter done
Event: 120.437 Loading class java/lang/ref/Finalizer$2
Event: 120.437 Loading class java/lang/ref/Finalizer$2 done
Event: 120.437 Loading class java/lang/ref/Finalizer$1
Event: 120.437 Loading class java/lang/ref/Finalizer$1 done
Event: 122.113 Loading class java/time/DurationEditor
Event: 122.113 Loading class java/time/DurationEditor done
Event: 377.700 Loading class java/text/ParsePosition
Event: 377.701 Loading class java/text/ParsePosition done
Event: 461.715 Loading class java/text/CalendarBuilder
Event: 461.715 Loading class java/text/CalendarBuilder done
Event: 461.751 Loading class java/util/concurrent/atomic/Striped64$Cell
Event: 461.751 Loading class java/util/concurrent/atomic/Striped64$Cell done
Event: 8260.230 Loading class sun/net/util/SocketExceptions
Event: 8260.230 Loading class sun/net/util/SocketExceptions done

Classes unloaded (20 events):
Event: 120.953 Thread 0x000001b75bf9d600 Unloading class 0x000001b701018400 'java/lang/invoke/LambdaForm$MH+0x000001b701018400'
Event: 120.953 Thread 0x000001b75bf9d600 Unloading class 0x000001b701017c00 'java/lang/invoke/LambdaForm$MH+0x000001b701017c00'
Event: 120.953 Thread 0x000001b75bf9d600 Unloading class 0x000001b701017800 'java/lang/invoke/LambdaForm$MH+0x000001b701017800'
Event: 120.953 Thread 0x000001b75bf9d600 Unloading class 0x000001b701016800 'java/lang/invoke/LambdaForm$MH+0x000001b701016800'
Event: 120.953 Thread 0x000001b75bf9d600 Unloading class 0x000001b701016000 'java/lang/invoke/LambdaForm$MH+0x000001b701016000'
Event: 120.953 Thread 0x000001b75bf9d600 Unloading class 0x000001b701015c00 'java/lang/invoke/LambdaForm$MH+0x000001b701015c00'
Event: 120.953 Thread 0x000001b75bf9d600 Unloading class 0x000001b701015800 'java/lang/invoke/LambdaForm$MH+0x000001b701015800'
Event: 120.953 Thread 0x000001b75bf9d600 Unloading class 0x000001b701015400 'java/lang/invoke/LambdaForm$MH+0x000001b701015400'
Event: 120.953 Thread 0x000001b75bf9d600 Unloading class 0x000001b701015000 'java/lang/invoke/LambdaForm$MH+0x000001b701015000'
Event: 120.953 Thread 0x000001b75bf9d600 Unloading class 0x000001b701014800 'java/lang/invoke/LambdaForm$MH+0x000001b701014800'
Event: 120.953 Thread 0x000001b75bf9d600 Unloading class 0x000001b701014000 'java/lang/invoke/LambdaForm$MH+0x000001b701014000'
Event: 128.787 Thread 0x000001b75bf9d600 Unloading class 0x000001b701d0a400 'jdk/internal/reflect/GeneratedSerializationConstructorAccessor8'
Event: 128.787 Thread 0x000001b75bf9d600 Unloading class 0x000001b701d0a000 'jdk/internal/reflect/GeneratedSerializationConstructorAccessor7'
Event: 128.787 Thread 0x000001b75bf9d600 Unloading class 0x000001b701d7cc00 'org/apache/catalina/loader/JdbcLeakPrevention'
Event: 136.764 Thread 0x000001b75bf9d600 Unloading class 0x000001b701d82000 'jdk/internal/reflect/GeneratedSerializationConstructorAccessor12'
Event: 136.764 Thread 0x000001b75bf9d600 Unloading class 0x000001b701d81c00 'jdk/internal/reflect/GeneratedSerializationConstructorAccessor11'
Event: 160.186 Thread 0x000001b75bf9d600 Unloading class 0x000001b701d9c800 'jdk/internal/reflect/GeneratedSerializationConstructorAccessor16'
Event: 160.186 Thread 0x000001b75bf9d600 Unloading class 0x000001b701d9c400 'jdk/internal/reflect/GeneratedSerializationConstructorAccessor15'
Event: 418.429 Thread 0x000001b75bf9d600 Unloading class 0x000001b701dad000 'jdk/internal/reflect/GeneratedSerializationConstructorAccessor20'
Event: 418.429 Thread 0x000001b75bf9d600 Unloading class 0x000001b701dac400 'jdk/internal/reflect/GeneratedSerializationConstructorAccessor19'

Classes redefined (0 events):
No events

Internal exceptions (20 events):
Event: 418.787 Thread 0x000001b763b29320 Exception <a 'java/lang/NoClassDefFoundError'{0x000000070dff1d58}: org/glassfish/jersey/server/monitoring/ApplicationEventListener> (0x000000070dff1d58) 
thrown [s\src\hotspot\share\classfile\systemDictionary.cpp, line 245]
Event: 419.176 Thread 0x000001b763b2a760 Exception <a 'java/lang/NoClassDefFoundError'{0x000000070a6ba168}: org/flywaydb/core/Flyway> (0x000000070a6ba168) 
thrown [s\src\hotspot\share\oops\constantPool.cpp, line 837]
Event: 419.176 Thread 0x000001b763b2a760 Exception <a 'java/lang/NoClassDefFoundError'{0x000000070a6ba7b8}: liquibase/integration/spring/SpringLiquibase> (0x000000070a6ba7b8) 
thrown [s\src\hotspot\share\oops\constantPool.cpp, line 837]
Event: 419.184 Thread 0x000001b763b2a760 Exception <a 'java/lang/NoClassDefFoundError'{0x000000070a794718}: org/jooq/DSLContext> (0x000000070a794718) 
thrown [s\src\hotspot\share\oops\constantPool.cpp, line 837]
Event: 419.185 Thread 0x000001b763b2a760 Exception <a 'java/lang/NoClassDefFoundError'{0x000000070a7abf58}: org/springframework/batch/core/repository/JobRepository> (0x000000070a7abf58) 
thrown [s\src\hotspot\share\oops\constantPool.cpp, line 837]
Event: 419.185 Thread 0x000001b763b2a760 Exception <a 'java/lang/NoClassDefFoundError'{0x000000070a7ac5a0}: org/quartz/Scheduler> (0x000000070a7ac5a0) 
thrown [s\src\hotspot\share\oops\constantPool.cpp, line 837]
Event: 419.185 Thread 0x000001b763b2a760 Exception <a 'java/lang/NoClassDefFoundError'{0x000000070a7acc10}: org/springframework/session/jdbc/JdbcIndexedSessionRepository> (0x000000070a7acc10) 
thrown [s\src\hotspot\share\oops\constantPool.cpp, line 837]
Event: 419.202 Thread 0x000001b763b2a760 Exception <a 'java/lang/ArrayIndexOutOfBoundsException'{0x000000070a5a8bf0}> (0x000000070a5a8bf0) 
thrown [s\src\hotspot\share\runtime\sharedRuntime.cpp, line 631]
Event: 419.202 Thread 0x000001b763b2a760 Exception <a 'java/lang/ArrayIndexOutOfBoundsException'{0x000000070a5a9460}> (0x000000070a5a9460) 
thrown [s\src\hotspot\share\runtime\sharedRuntime.cpp, line 631]
Event: 419.204 Thread 0x000001b763b2a760 Exception <a 'java/lang/ArrayIndexOutOfBoundsException'{0x000000070a5edab8}> (0x000000070a5edab8) 
thrown [s\src\hotspot\share\runtime\sharedRuntime.cpp, line 631]
Event: 419.204 Thread 0x000001b763b2a760 Exception <a 'java/lang/ArrayIndexOutOfBoundsException'{0x000000070a5ee328}> (0x000000070a5ee328) 
thrown [s\src\hotspot\share\runtime\sharedRuntime.cpp, line 631]
Event: 419.316 Thread 0x000001b763b2a760 Exception <a 'java/io/FileNotFoundException'{0x0000000708d24090}> (0x0000000708d24090) 
thrown [s\src\hotspot\share\prims\jni.cpp, line 516]
Event: 419.429 Thread 0x000001b763b2a760 Exception <a 'java/io/FileNotFoundException'{0x000000070de72110}> (0x000000070de72110) 
thrown [s\src\hotspot\share\prims\jni.cpp, line 516]
Event: 419.649 Thread 0x000001b763b2a760 Exception <a 'java/lang/reflect/InvocationTargetException'{0x000000070bd1cd88}> (0x000000070bd1cd88) 
thrown [s\src\hotspot\share\runtime\reflection.cpp, line 1128]
Event: 420.507 Thread 0x000001b763b2a760 Exception <a 'java/net/BindException'{0x000000070d4a9dc8}: Address already in use: bind> (0x000000070d4a9dc8) 
thrown [s\src\hotspot\share\prims\jni.cpp, line 535]
Event: 420.507 Thread 0x000001b763b2a760 Exception <a 'java/net/SocketException'{0x000000070d4aa3a8}: Socket is not connected: shutdown> (0x000000070d4aa3a8) 
thrown [s\src\hotspot\share\prims\jni.cpp, line 535]
Event: 2220.772 Thread 0x000001b763b2c5c0 Exception <a 'java/lang/NoSuchMethodError'{0x000000070c31d280}: 'void java.lang.invoke.DirectMethodHandle$Holder.invokeStatic(java.lang.Object, long, java.lang.Object)'> (0x000000070c31d280) 
thrown [s\src\hotspot\share\interpreter\linkResolver.cpp, line 759]
Event: 2220.772 Thread 0x000001b763b2c5c0 Exception <a 'java/lang/NoSuchMethodError'{0x000000070c3230e0}: 'java.lang.Object java.lang.invoke.DirectMethodHandle$Holder.newInvokeSpecial(java.lang.Object, long)'> (0x000000070c3230e0) 
thrown [s\src\hotspot\share\interpreter\linkResolver.cpp, line 759]
Event: 8260.230 Thread 0x000001b764089860 Exception <a 'java/net/SocketException'{0x000000070c02acb0}: No buffer space available (maximum connections reached?): connect> (0x000000070c02acb0) 
thrown [s\src\hotspot\share\prims\jni.cpp, line 535]
Event: 8260.230 Thread 0x000001b764089860 Exception <a 'java/net/SocketException'{0x000000070c02b290}: Socket is not connected: shutdown> (0x000000070c02b290) 
thrown [s\src\hotspot\share\prims\jni.cpp, line 535]

VM Operations (20 events):
Event: 3729.326 Executing VM operation: Cleanup
Event: 3729.326 Executing VM operation: Cleanup done
Event: 3783.909 Executing VM operation: Cleanup
Event: 3783.909 Executing VM operation: Cleanup done
Event: 3799.089 Executing VM operation: Cleanup
Event: 3799.089 Executing VM operation: Cleanup done
Event: 3958.862 Executing VM operation: Cleanup
Event: 3958.862 Executing VM operation: Cleanup done
Event: 3994.248 Executing VM operation: Cleanup
Event: 3994.248 Executing VM operation: Cleanup done
Event: 4100.348 Executing VM operation: Cleanup
Event: 4100.348 Executing VM operation: Cleanup done
Event: 4174.139 Executing VM operation: Cleanup
Event: 4174.140 Executing VM operation: Cleanup done
Event: 8259.590 Executing VM operation: Cleanup
Event: 8259.590 Executing VM operation: Cleanup done
Event: 8269.699 Executing VM operation: Cleanup
Event: 8269.699 Executing VM operation: Cleanup done
Event: 8270.710 Executing VM operation: Cleanup
Event: 8270.710 Executing VM operation: Cleanup done

Memory protections (0 events):
No events

Nmethod flushes (20 events):
Event: 377.710 Thread 0x000001b75bfdb160 flushing  nmethod 0x000001b74da87b90
Event: 377.710 Thread 0x000001b75bfdb160 flushing  nmethod 0x000001b74da89d90
Event: 377.710 Thread 0x000001b75bfdb160 flushing  nmethod 0x000001b74da8f890
Event: 377.710 Thread 0x000001b75bfdb160 flushing  nmethod 0x000001b74daace90
Event: 377.710 Thread 0x000001b75bfdb160 flushing  nmethod 0x000001b74daad490
Event: 377.710 Thread 0x000001b75bfdb160 flushing  nmethod 0x000001b74daada90
Event: 377.710 Thread 0x000001b75bfdb160 flushing  nmethod 0x000001b74dabfb10
Event: 377.710 Thread 0x000001b75bfdb160 flushing  nmethod 0x000001b74dacb710
Event: 377.710 Thread 0x000001b75bfdb160 flushing  nmethod 0x000001b74dacba90
Event: 377.710 Thread 0x000001b75bfdb160 flushing  nmethod 0x000001b74dacca10
Event: 377.710 Thread 0x000001b75bfdb160 flushing  nmethod 0x000001b74dad1490
Event: 377.710 Thread 0x000001b75bfdb160 flushing  nmethod 0x000001b74dae3c90
Event: 377.710 Thread 0x000001b75bfdb160 flushing  nmethod 0x000001b74daf3b10
Event: 377.710 Thread 0x000001b75bfdb160 flushing  nmethod 0x000001b74db09190
Event: 377.710 Thread 0x000001b75bfdb160 flushing  nmethod 0x000001b74db0d290
Event: 377.710 Thread 0x000001b75bfdb160 flushing  nmethod 0x000001b74db47110
Event: 377.710 Thread 0x000001b75bfdb160 flushing  nmethod 0x000001b74db47790
Event: 377.710 Thread 0x000001b75bfdb160 flushing  nmethod 0x000001b74db8e510
Event: 377.711 Thread 0x000001b75bfdb160 flushing  nmethod 0x000001b74dbda090
Event: 377.711 Thread 0x000001b75bfdb160 flushing  nmethod 0x000001b74dbdce90

Events (20 events):
Event: 3798.624 Thread 0x000001b76452c9a0 Thread exited: 0x000001b76452c9a0
Event: 3958.364 Thread 0x000001b763b29d40 Thread added: 0x000001b76408cb00
Event: 3958.364 Thread 0x000001b763b29d40 Thread added: 0x000001b76408c5f0
Event: 3976.652 Thread 0x000001b76408cb00 Thread exited: 0x000001b76408cb00
Event: 3976.667 Thread 0x000001b76408c5f0 Thread exited: 0x000001b76408c5f0
Event: 3979.398 Thread 0x000001b763b29d40 Thread added: 0x000001b76408c5f0
Event: 3979.398 Thread 0x000001b763b29d40 Thread added: 0x000001b76408d520
Event: 3986.780 Thread 0x000001b76408c5f0 Thread exited: 0x000001b76408c5f0
Event: 3986.811 Thread 0x000001b76408d520 Thread exited: 0x000001b76408d520
Event: 3993.394 Thread 0x000001b763b29d40 Thread added: 0x000001b76408a280
Event: 3993.394 Thread 0x000001b763b29d40 Thread added: 0x000001b76408c5f0
Event: 3999.497 Thread 0x000001b76408a280 Thread exited: 0x000001b76408a280
Event: 3999.513 Thread 0x000001b76408c5f0 Thread exited: 0x000001b76408c5f0
Event: 8269.220 Thread 0x000001b763b29d40 Thread added: 0x000001b76408bbd0
Event: 8269.220 Thread 0x000001b763b29d40 Thread added: 0x000001b76408aca0
Event: 8274.244 Thread 0x000001b76408bbd0 Thread exited: 0x000001b76408bbd0
Event: 8275.413 Thread 0x000001b76408aca0 Thread exited: 0x000001b76408aca0
Event: 8290.240 Thread 0x000001b75bfc4300 Thread added: 0x000001b76452c9a0
Event: 8290.240 Thread 0x000001b75bfc4300 Thread added: 0x000001b75c4ffcf0
Event: 8290.240 Thread 0x000001b75bfc4300 Thread added: 0x000001b7697e2820


Dynamic libraries:
0x00007ff7efd00000 - 0x00007ff7efd0e000 	C:\Program Files\Microsoft\jdk-17.0.19.10-hotspot\bin\java.exe
0x00007ffeb61a0000 - 0x00007ffeb6407000 	C:\WINDOWS\SYSTEM32\ntdll.dll
0x00007ffeb4590000 - 0x00007ffeb4659000 	C:\WINDOWS\System32\KERNEL32.DLL
0x00007ffeb3b20000 - 0x00007ffeb3f17000 	C:\WINDOWS\System32\KERNELBASE.dll
0x00007ffeb2f00000 - 0x00007ffeb304b000 	C:\WINDOWS\System32\ucrtbase.dll
0x00007ffe385b0000 - 0x00007ffe385c8000 	C:\Program Files\Microsoft\jdk-17.0.19.10-hotspot\bin\jli.dll
0x00007ffe304c0000 - 0x00007ffe304de000 	C:\Program Files\Microsoft\jdk-17.0.19.10-hotspot\bin\VCRUNTIME140.dll
0x00007ffeb5c50000 - 0x00007ffeb5e16000 	C:\WINDOWS\System32\USER32.dll
0x00007ffeb3af0000 - 0x00007ffeb3b17000 	C:\WINDOWS\System32\win32u.dll
0x00007ffe9b3b0000 - 0x00007ffe9b642000 	C:\WINDOWS\WinSxS\amd64_microsoft.windows.common-controls_6595b64144ccf1df_6.0.26100.8328_none_3e08182ce334b678\COMCTL32.dll
0x00007ffeb47b0000 - 0x00007ffeb4859000 	C:\WINDOWS\System32\msvcrt.dll
0x00007ffeb5ee0000 - 0x00007ffeb5f0b000 	C:\WINDOWS\System32\GDI32.dll
0x00007ffeb2dd0000 - 0x00007ffeb2efc000 	C:\WINDOWS\System32\gdi32full.dll
0x00007ffeb2d20000 - 0x00007ffeb2dc3000 	C:\WINDOWS\System32\msvcp_win.dll
0x00007ffeb5c10000 - 0x00007ffeb5c42000 	C:\WINDOWS\System32\IMM32.DLL
0x00007ffe78970000 - 0x00007ffe7897c000 	C:\Program Files\Microsoft\jdk-17.0.19.10-hotspot\bin\vcruntime140_1.dll
0x00007ffde1380000 - 0x00007ffde1409000 	C:\Program Files\Microsoft\jdk-17.0.19.10-hotspot\bin\msvcp140.dll
0x00007ffde0700000 - 0x00007ffde137b000 	C:\Program Files\Microsoft\jdk-17.0.19.10-hotspot\bin\server\jvm.dll
0x00007ffeb56e0000 - 0x00007ffeb5796000 	C:\WINDOWS\System32\ADVAPI32.dll
0x00007ffeb46f0000 - 0x00007ffeb4797000 	C:\WINDOWS\System32\sechost.dll
0x00007ffeb3f20000 - 0x00007ffeb4038000 	C:\WINDOWS\System32\RPCRT4.dll
0x00007ffeb4090000 - 0x00007ffeb4110000 	C:\WINDOWS\System32\WS2_32.dll
0x00007ffeb24c0000 - 0x00007ffeb251e000 	C:\WINDOWS\SYSTEM32\POWRPROF.dll
0x00007ffea1db0000 - 0x00007ffea1de6000 	C:\WINDOWS\SYSTEM32\WINMM.dll
0x00007ffea8970000 - 0x00007ffea897b000 	C:\WINDOWS\SYSTEM32\VERSION.dll
0x00007ffeb24a0000 - 0x00007ffeb24b4000 	C:\WINDOWS\SYSTEM32\UMPDC.dll
0x00007ffeb1920000 - 0x00007ffeb193b000 	C:\WINDOWS\SYSTEM32\kernel.appcore.dll
0x00007ffe71340000 - 0x00007ffe7134a000 	C:\Program Files\Microsoft\jdk-17.0.19.10-hotspot\bin\jimage.dll
0x00007ffeb0c00000 - 0x00007ffeb0e42000 	C:\WINDOWS\SYSTEM32\DBGHELP.DLL
0x00007ffeb5880000 - 0x00007ffeb5c03000 	C:\WINDOWS\System32\combase.dll
0x00007ffeb4860000 - 0x00007ffeb4939000 	C:\WINDOWS\System32\OLEAUT32.dll
0x00007ffe9f970000 - 0x00007ffe9f9ab000 	C:\WINDOWS\SYSTEM32\dbgcore.DLL
0x00007ffeb31d0000 - 0x00007ffeb3278000 	C:\WINDOWS\System32\bcryptPrimitives.dll
0x00007ffdf1aa0000 - 0x00007ffdf1ac6000 	C:\Program Files\Microsoft\jdk-17.0.19.10-hotspot\bin\java.dll
0x00007ffde0620000 - 0x00007ffde06f6000 	C:\Program Files\Microsoft\jdk-17.0.19.10-hotspot\bin\jsvml.dll
0x00007ffeb4940000 - 0x00007ffeb50ae000 	C:\WINDOWS\System32\SHELL32.dll
0x00007ffeb3280000 - 0x00007ffeb3aec000 	C:\WINDOWS\System32\windows.storage.dll
0x00007ffeb43f0000 - 0x00007ffeb44e6000 	C:\WINDOWS\System32\SHCORE.dll
0x00007ffeb5f10000 - 0x00007ffeb5f76000 	C:\WINDOWS\System32\shlwapi.dll
0x00007ffeb2af0000 - 0x00007ffeb2b19000 	C:\WINDOWS\SYSTEM32\profapi.dll
0x00007ffe2d240000 - 0x00007ffe2d25b000 	C:\Program Files\Microsoft\jdk-17.0.19.10-hotspot\bin\net.dll
0x00007ffeab330000 - 0x00007ffeab459000 	C:\WINDOWS\SYSTEM32\WINHTTP.dll
0x00007ffeb1e70000 - 0x00007ffeb1edc000 	C:\WINDOWS\system32\mswsock.dll
0x00007ffe2ccf0000 - 0x00007ffe2cd06000 	C:\Program Files\Microsoft\jdk-17.0.19.10-hotspot\bin\nio.dll
0x00007ffe0d0a0000 - 0x00007ffe0d0b8000 	C:\Program Files\Microsoft\jdk-17.0.19.10-hotspot\bin\zip.dll
0x00007ffe70370000 - 0x00007ffe7037a000 	C:\Program Files\Microsoft\jdk-17.0.19.10-hotspot\bin\management.dll
0x00007ffe70310000 - 0x00007ffe7031c000 	C:\Program Files\Microsoft\jdk-17.0.19.10-hotspot\bin\management_ext.dll
0x00007ffeb44f0000 - 0x00007ffeb44f8000 	C:\WINDOWS\System32\PSAPI.DLL
0x00007ffeb13a0000 - 0x00007ffeb14d2000 	C:\WINDOWS\SYSTEM32\DNSAPI.dll
0x00007ffeb1310000 - 0x00007ffeb1342000 	C:\WINDOWS\SYSTEM32\IPHLPAPI.DLL
0x00007ffeb47a0000 - 0x00007ffeb47aa000 	C:\WINDOWS\System32\NSI.dll
0x00007ffeab1f0000 - 0x00007ffeab1fb000 	C:\Windows\System32\rasadhlp.dll
0x00007ffea9980000 - 0x00007ffea9a06000 	C:\WINDOWS\System32\fwpuclnt.dll
0x00007ffe709d0000 - 0x00007ffe709d9000 	C:\Program Files\Microsoft\jdk-17.0.19.10-hotspot\bin\extnet.dll
0x00007ffeab500000 - 0x00007ffeab51d000 	C:\WINDOWS\SYSTEM32\dhcpcsvc6.DLL
0x00007ffeab1c0000 - 0x00007ffeab1e5000 	C:\WINDOWS\SYSTEM32\dhcpcsvc.DLL
0x00007ffe70a60000 - 0x00007ffe70a6e000 	C:\Program Files\Microsoft\jdk-17.0.19.10-hotspot\bin\sunmscapi.dll
0x00007ffeb3050000 - 0x00007ffeb31c8000 	C:\WINDOWS\System32\CRYPT32.dll
0x00007ffeb2460000 - 0x00007ffeb2490000 	C:\WINDOWS\SYSTEM32\ncrypt.dll
0x00007ffeb2410000 - 0x00007ffeb244f000 	C:\WINDOWS\SYSTEM32\NTASN1.dll
0x00007ffeb2270000 - 0x00007ffeb228b000 	C:\WINDOWS\SYSTEM32\CRYPTSP.dll
0x00007ffeb1880000 - 0x00007ffeb18b9000 	C:\WINDOWS\system32\rsaenh.dll
0x00007ffeb1f20000 - 0x00007ffeb1f53000 	C:\WINDOWS\SYSTEM32\USERENV.dll
0x00007ffeb2ac0000 - 0x00007ffeb2aea000 	C:\WINDOWS\SYSTEM32\bcrypt.dll
0x00007ffeb20d0000 - 0x00007ffeb20dc000 	C:\WINDOWS\SYSTEM32\CRYPTBASE.dll
0x00007ffe70de0000 - 0x00007ffe70df0000 	C:\Program Files\Microsoft\jdk-17.0.19.10-hotspot\bin\verify.dll
0x00007ffe801c0000 - 0x00007ffe801c8000 	C:\WINDOWS\system32\wshunix.dll

dbghelp: loaded successfully - version: 4.0.5 - missing functions: none
symbol engine: initialized successfully - sym options: 0x614 - pdb path: .;C:\Program Files\Microsoft\jdk-17.0.19.10-hotspot\bin;C:\WINDOWS\SYSTEM32;C:\WINDOWS\WinSxS\amd64_microsoft.windows.common-controls_6595b64144ccf1df_6.0.26100.8328_none_3e08182ce334b678;C:\Program Files\Microsoft\jdk-17.0.19.10-hotspot\bin\server

VM Arguments:
jvm_args: -XX:TieredStopAtLevel=1 
java_command: com.m1kellz.todoservice.TodoServiceApplication
java_class_path (initial): E:\TodoApp\todo-service\target\classes;C:\Users\LEGION\.m2\repository\ch\qos\logback\logback-classic\1.4.14\logback-classic-1.4.14.jar;C:\Users\LEGION\.m2\repository\ch\qos\logback\logback-core\1.4.14\logback-core-1.4.14.jar;C:\Users\LEGION\.m2\repository\org\apache\logging\log4j\log4j-to-slf4j\2.21.1\log4j-to-slf4j-2.21.1.jar;C:\Users\LEGION\.m2\repository\org\apache\logging\log4j\log4j-api\2.21.1\log4j-api-2.21.1.jar;C:\Users\LEGION\.m2\repository\org\slf4j\jul-to-slf4j\2.0.13\jul-to-slf4j-2.0.13.jar;C:\Users\LEGION\.m2\repository\jakarta\annotation\jakarta.annotation-api\2.1.1\jakarta.annotation-api-2.1.1.jar;C:\Users\LEGION\.m2\repository\org\yaml\snakeyaml\2.2\snakeyaml-2.2.jar;C:\Users\LEGION\.m2\repository\org\springframework\boot\spring-boot-actuator-autoconfigure\3.2.5\spring-boot-actuator-autoconfigure-3.2.5.jar;C:\Users\LEGION\.m2\repository\org\springframework\boot\spring-boot-actuator\3.2.5\spring-boot-actuator-3.2.5.jar;C:\Users\LEGION\.m2\repository\com\fasterxml\jackson\datatype\jackson-datatype-jsr310\2.15.4\jackson-datatype-jsr310-2.15.4.jar;C:\Users\LEGION\.m2\repository\io\micrometer\micrometer-observation\1.12.5\micrometer-observation-1.12.5.jar;C:\Users\LEGION\.m2\repository\io\micrometer\micrometer-commons\1.12.5\micrometer-commons-1.12.5.jar;C:\Users\LEGION\.m2\repository\io\micrometer\micrometer-jakarta9\1.12.5\micrometer-jakarta9-1.12.5.jar;C:\Users\LEGION\.m2\repository\io\micrometer\micrometer-core\1.12.5\micrometer-core-1.12.5.jar;C:\Users\LEGION\.m2\repository\org\hdrhistogram\HdrHistogram\2.1.12\HdrHistogram-2.1.12.jar;C:\Users\LEGION\.m2\repository\org\latencyutils\LatencyUtils\2.0.3\LatencyUtils-2.0.3.jar;C:\Users\LEGION\.m2\repository\org\springframework\spring-aop\6.1.6\spring-aop-6.1.6.jar;C:\Users\LEGION\.m2\repository\org\aspectj\aspectjweaver\1.9.22\aspectjweaver-1.9.22.jar;C:\Users\LEGION\.m2\repository\com\zaxxer\HikariCP\5.0.1\HikariCP-5.0.1.jar;C:\Users\LEGION\.m2\repository\org\springframework\
Launcher Type: SUN_STANDARD

[Global flags]
     intx CICompilerCount                          = 4                                         {product} {ergonomic}
     uint ConcGCThreads                            = 3                                         {product} {ergonomic}
     uint G1ConcRefinementThreads                  = 10                                        {product} {ergonomic}
   size_t G1HeapRegionSize                         = 2097152                                   {product} {ergonomic}
    uintx GCDrainStackTargetSize                   = 64                                        {product} {ergonomic}
   size_t InitialHeapSize                          = 266338304                                 {product} {ergonomic}
   size_t MarkStackSize                            = 4194304                                   {product} {ergonomic}
   size_t MaxHeapSize                              = 4261412864                                {product} {ergonomic}
   size_t MaxNewSize                               = 2556428288                                {product} {ergonomic}
   size_t MinHeapDeltaBytes                        = 2097152                                   {product} {ergonomic}
   size_t MinHeapSize                              = 8388608                                   {product} {ergonomic}
    uintx NonProfiledCodeHeapSize                  = 0                                      {pd product} {ergonomic}
     bool ProfileInterpreter                       = false                                  {pd product} {command line}
    uintx ProfiledCodeHeapSize                     = 0                                      {pd product} {ergonomic}
   size_t SoftMaxHeapSize                          = 4261412864                             {manageable} {ergonomic}
     intx TieredStopAtLevel                        = 1                                         {product} {command line}
     bool UseCompressedClassPointers               = true                           {product lp64_product} {ergonomic}
     bool UseCompressedOops                        = true                           {product lp64_product} {ergonomic}
     bool UseG1GC                                  = true                                      {product} {ergonomic}
     bool UseLargePagesIndividualAllocation        = false                                  {pd product} {ergonomic}

Logging:
Log output configuration:
 #0: stdout all=warning uptime,level,tags
 #1: stderr all=off uptime,level,tags

Environment Variables:
JAVA_HOME=C:\Program Files\Microsoft\jdk-17.0.19.10-hotspot
PATH=C:\Program Files (x86)\PowerShell\7;C:\Windows\system32;C:\Windows;C:\Windows\System32\Wbem;C:\Windows\System32\WindowsPowerShell\v1.0\;C:\Windows\System32\OpenSSH\;C:\Program Files (x86)\NVIDIA Corporation\PhysX\Common;C:\WINDOWS\system32;C:\WINDOWS;C:\WINDOWS\System32\Wbem;C:\WINDOWS\System32\WindowsPowerShell\v1.0\;C:\WINDOWS\System32\OpenSSH\;C:\Program Files\Microsoft SQL Server\150\Tools\Binn\;C:\ProgramData\chocolatey\bin;C:\Program Files\apache-maven-3.8.7\bin;C:\Program Files (x86)\PowerShell\7\;C:\Program Files\dotnet\;C:\Program Files\Git\cmd;C:\Program Files\NVIDIA Corporation\NVIDIA app\NvDLISR;C:\Program Files\nodejs\;C:\Program Files\Microsoft\jdk-17.0.19.10-hotspot\bin;C:\ProgramData\chocolatey\lib\maven\apache-maven-3.9.16\bin;;C:\Program Files\Docker\Docker\resources\bin;C:\Users\LEGION\AppData\Local\pnpm;C:\Users\LEGION\AppData\Local\Microsoft\WindowsApps;C:\Users\LEGION\.dotnet\tools;C:\Program Files\JetBrains\IntelliJ IDEA 2022.2.3\bin;C:\Users\LEGION\AppData\Local\JetBrains\Toolbox\scripts;%IntelliJ IDEA Community Edition%;%WebStorm%;C:\Program Files\PostgreSQL\15\bin;E:\apache-maven-3.8.6;C:\Program Files\Azure Data Studio\bin;C:\Users\LEGION\AppData\Local\Programs\Microsoft VS Code\bin;C:\src\flutter\bin;C:\Users\LEGION\AppData\Local\Microsoft\WindowsApps;%IntelliJ IDEA%;C:\Users\LEGION\AppData\Roaming\npm;C:\Users\LEGION\AppData\Local\Programs\cursor\resources\app\bin;C:\Program Files\R\R-4.5.2\bin;c:\Users\LEGION\.cursor\extensions\vscjava.vscode-java-debug-0.59.0-universal\bundled\scripts\noConfigScripts
USERNAME=Mickey
LANG=en_US.UTF-8
OS=Windows_NT
PROCESSOR_IDENTIFIER=Intel64 Family 6 Model 165 Stepping 2, GenuineIntel
TMP=C:\Users\LEGION\AppData\Local\Temp
TEMP=C:\Users\LEGION\AppData\Local\Temp



Periodic native trim disabled


---------------  S Y S T E M  ---------------

OS:
 Windows 11 , 64 bit Build 26100 (10.0.26100.8328)
OS uptime: 0 days 2:49 hours
Hyper-V role detected

CPU: total 12 (initial active 12) (6 cores per cpu, 2 threads per core) family 6 model 165 stepping 2 microcode 0xf6, cx8, cmov, fxsr, ht, mmx, 3dnowpref, sse, sse2, sse3, ssse3, sse4.1, sse4.2, popcnt, lzcnt, tsc, tscinvbit, avx, avx2, aes, erms, clmul, bmi1, bmi2, adx, fma, vzeroupper, clflush, clflushopt, hv
Processor Information for the first 12 processors :
  Max Mhz: 2592, Current Mhz: 2592, Mhz Limit: 2592

Memory: 4k page, system-wide physical 16251M (2427M free)
TotalPageFile size 21371M (AvailPageFile size 9M)
current process WorkingSet (physical memory assigned to process): 419M, peak: 469M
current process commit charge ("private bytes"): 474M, peak: 570M

vm_info: OpenJDK 64-Bit Server VM (17.0.19+10-LTS) for windows-amd64 JRE (17.0.19+10-LTS), built on Apr 18 2026 18:24:40 by "MicrosoftCorporation" with MS VC++ 17.14 (VS2022)

END.
